<?xml version="1.0" encoding="UTF-8"?>
<testng-results skipped="0" failed="0" ignored="0" total="1" passed="1">
  <reporter-output>
  </reporter-output>
  <suite name="Default suite" duration-ms="79" started-at="2019-06-14T11:26:11Z" finished-at="2019-06-14T11:26:11Z">
    <groups>
    </groups>
    <test name="Default test" duration-ms="79" started-at="2019-06-14T11:26:11Z" finished-at="2019-06-14T11:26:11Z">
      <class name="com.demo.demo1.Demo1ApplicationTests">
        <test-method status="PASS" signature="contextLoads()[pri:0, instance:com.demo.demo1.Demo1ApplicationTests@146ba0ac]" name="contextLoads" duration-ms="23" started-at="2019-06-14T11:26:11Z" finished-at="2019-06-14T11:26:11Z">
          <reporter-output>
          </reporter-output>
        </test-method> <!-- contextLoads -->
      </class> <!-- com.demo.demo1.Demo1ApplicationTests -->
    </test> <!-- Default test -->
  </suite> <!-- Default suite -->
</testng-results>
